<html>
<head>
<title>TestNG:  Test</title>
<link href="../testng.css" rel="stylesheet" type="text/css" />
<link href="../my-testng.css" rel="stylesheet" type="text/css" />

<style type="text/css">
.log { display: none;} 
.stack-trace { display: none;} 
</style>
<script type="text/javascript">
<!--
function flip(e) {
  current = e.style.display;
  if (current == 'block') {
    e.style.display = 'none';
    return 0;
  }
  else {
    e.style.display = 'block';
    return 1;
  }
}

function toggleBox(szDivId, elem, msg1, msg2)
{
  var res = -1;  if (document.getElementById) {
    res = flip(document.getElementById(szDivId));
  }
  else if (document.all) {
    // this is the way old msie versions work
    res = flip(document.all[szDivId]);
  }
  if(elem) {
    if(res == 0) elem.innerHTML = msg1; else elem.innerHTML = msg2;
  }

}

function toggleAllBoxes() {
  if (document.getElementsByTagName) {
    d = document.getElementsByTagName('div');
    for (i = 0; i < d.length; i++) {
      if (d[i].className == 'log') {
        flip(d[i]);
      }
    }
  }
}

// -->
</script>

</head>
<body>
<h2 align='center'>Test</h2><table border='1' align="center">
<tr>
<td>Tests passed/Failed/Skipped:</td><td>9/0/2</td>
</tr><tr>
<td>Started on:</td><td>Thu May 26 09:04:04 IST 2016</td>
</tr>
<tr><td>Total time:</td><td>696 seconds (696876 ms)</td>
</tr><tr>
<td>Included groups:</td><td></td>
</tr><tr>
<td>Excluded groups:</td><td></td>
</tr>
</table><p/>
<small><i>(Hover the method name to see the test class name)</i></small><p/>
<table width='100%' border='1' class='invocation-failed'>
<tr><td colspan='4' align='center'><b>FAILED CONFIGURATIONS</b></td></tr>
<tr><td><b>Test method</b></td>
<td width="30%"><b>Exception</b></td>
<td width="10%"><b>Time (seconds)</b></td>
<td><b>Instance</b></td>
</tr>
<tr>
<td title='com.ranford.RABP.testsuites.BP_TS2_ValidateNewBranches.preCondition()'><b>preCondition</b><br>Test class: com.ranford.RABP.testsuites.BP_TS2_ValidateNewBranches</td>
<td><div><pre>org.openqa.selenium.UnhandledAlertException: Unexpected modal dialog (text: Connction failed try again): Connction failed try again
Build info: version: &apos;2.53.0&apos;, revision: &apos;35ae25b&apos;, time: &apos;2016-03-15 16:57:40&apos;
System info: host: &apos;SIVA-PC&apos;, ip: &apos;192.168.0.103&apos;, os.name: &apos;Windows 7&apos;, os.arch: &apos;amd64&apos;, os.version: &apos;6.1&apos;, java.version: &apos;1.7.0_79&apos;
Session ID: 0e848e43-f8a8-4873-ae3e-ecca66356e17
Driver info: org.openqa.selenium.firefox.FirefoxDriver
Capabilities [{platform=WINDOWS, acceptSslCerts=true, javascriptEnabled=true, cssSelectorsEnabled=true, databaseEnabled=true, browserName=firefox, handlesAlerts=true, nativeEvents=false, webStorageEnabled=true, rotatable=false, locationContextEnabled=true, applicationCacheEnabled=true, takesScreenshot=true, version=46.0.1}]
	at org.openqa.selenium.remote.ErrorHandler.createThrowable(ErrorHandler.java:206)
	at org.openqa.selenium.remote.ErrorHandler.createUnhandledAlertException(ErrorHandler.java:187)
	at org.openqa.selenium.remote.ErrorHandler.throwIfResponseFailed(ErrorHandler.java:154)
	at org.openqa.selenium.remote.RemoteWebDriver.execute(RemoteWebDriver.java:678)
	at org.openqa.selenium.remote.RemoteWebDriver$RemoteWebDriverOptions$RemoteWindow.maximize(RemoteWebDriver.java:945)
	at com.ranford.RABP.appfunctions.AppFunctions.LaunchApplication(AppFunctions.java:55)
	at com.ranford.RABP.testsuites.BP_TS2_ValidateNewBranches.preCondition(BP_TS2_ValidateNewBranches.java:22)
... Removed 30 stack frames</pre></div><a href='#' onClick='toggleBox("stack-trace1211771886", this, "Click to show all stack frames", "Click to hide stack frames")'>Click to show all stack frames</a>
<div class='stack-trace' id='stack-trace1211771886'><pre>org.openqa.selenium.UnhandledAlertException: Unexpected modal dialog (text: Connction failed try again): Connction failed try again
Build info: version: &apos;2.53.0&apos;, revision: &apos;35ae25b&apos;, time: &apos;2016-03-15 16:57:40&apos;
System info: host: &apos;SIVA-PC&apos;, ip: &apos;192.168.0.103&apos;, os.name: &apos;Windows 7&apos;, os.arch: &apos;amd64&apos;, os.version: &apos;6.1&apos;, java.version: &apos;1.7.0_79&apos;
Session ID: 0e848e43-f8a8-4873-ae3e-ecca66356e17
Driver info: org.openqa.selenium.firefox.FirefoxDriver
Capabilities [{platform=WINDOWS, acceptSslCerts=true, javascriptEnabled=true, cssSelectorsEnabled=true, databaseEnabled=true, browserName=firefox, handlesAlerts=true, nativeEvents=false, webStorageEnabled=true, rotatable=false, locationContextEnabled=true, applicationCacheEnabled=true, takesScreenshot=true, version=46.0.1}]
	at sun.reflect.NativeConstructorAccessorImpl.newInstance0(Native Method)
	at sun.reflect.NativeConstructorAccessorImpl.newInstance(Unknown Source)
	at sun.reflect.DelegatingConstructorAccessorImpl.newInstance(Unknown Source)
	at java.lang.reflect.Constructor.newInstance(Unknown Source)
	at org.openqa.selenium.remote.ErrorHandler.createThrowable(ErrorHandler.java:206)
	at org.openqa.selenium.remote.ErrorHandler.createUnhandledAlertException(ErrorHandler.java:187)
	at org.openqa.selenium.remote.ErrorHandler.throwIfResponseFailed(ErrorHandler.java:154)
	at org.openqa.selenium.remote.RemoteWebDriver.execute(RemoteWebDriver.java:678)
	at org.openqa.selenium.remote.RemoteWebDriver$RemoteWebDriverOptions$RemoteWindow.maximize(RemoteWebDriver.java:945)
	at com.ranford.RABP.appfunctions.AppFunctions.LaunchApplication(AppFunctions.java:55)
	at com.ranford.RABP.testsuites.BP_TS2_ValidateNewBranches.preCondition(BP_TS2_ValidateNewBranches.java:22)
	at sun.reflect.NativeMethodAccessorImpl.invoke0(Native Method)
	at sun.reflect.NativeMethodAccessorImpl.invoke(Unknown Source)
	at sun.reflect.DelegatingMethodAccessorImpl.invoke(Unknown Source)
	at java.lang.reflect.Method.invoke(Unknown Source)
	at org.testng.internal.MethodInvocationHelper.invokeMethod(MethodInvocationHelper.java:85)
	at org.testng.internal.Invoker.invokeConfigurationMethod(Invoker.java:510)
	at org.testng.internal.Invoker.invokeConfigurations(Invoker.java:211)
	at org.testng.internal.Invoker.invokeMethod(Invoker.java:585)
	at org.testng.internal.Invoker.invokeTestMethod(Invoker.java:816)
	at org.testng.internal.Invoker.invokeTestMethods(Invoker.java:1124)
	at org.testng.internal.TestMethodWorker.invokeTestMethods(TestMethodWorker.java:125)
	at org.testng.internal.TestMethodWorker.run(TestMethodWorker.java:108)
	at org.testng.TestRunner.privateRun(TestRunner.java:774)
	at org.testng.TestRunner.run(TestRunner.java:624)
	at org.testng.SuiteRunner.runTest(SuiteRunner.java:359)
	at org.testng.SuiteRunner.runSequentially(SuiteRunner.java:354)
	at org.testng.SuiteRunner.privateRun(SuiteRunner.java:312)
	at org.testng.SuiteRunner.run(SuiteRunner.java:261)
	at org.testng.SuiteRunnerWorker.runSuite(SuiteRunnerWorker.java:52)
	at org.testng.SuiteRunnerWorker.run(SuiteRunnerWorker.java:86)
	at org.testng.TestNG.runSuitesSequentially(TestNG.java:1215)
	at org.testng.TestNG.runSuitesLocally(TestNG.java:1140)
	at org.testng.TestNG.run(TestNG.java:1048)
	at org.testng.remote.AbstractRemoteTestNG.run(AbstractRemoteTestNG.java:126)
	at org.testng.remote.RemoteTestNG.initAndRun(RemoteTestNG.java:137)
	at org.testng.remote.RemoteTestNG.main(RemoteTestNG.java:58)
</pre></div></td>
<td>0</td>
<td>com.ranford.RABP.testsuites.BP_TS2_ValidateNewBranches@681564f4</td></tr>
<tr>
<td title='com.ranford.RABP.testsuites.BP_TS6_validateBrancheDetailsClear.preCondition()'><b>preCondition</b><br>Test class: com.ranford.RABP.testsuites.BP_TS6_validateBrancheDetailsClear</td>
<td><div><pre>org.openqa.selenium.UnhandledAlertException: Unexpected modal dialog (text: Connction failed try again): Connction failed try again
Build info: version: &apos;2.53.0&apos;, revision: &apos;35ae25b&apos;, time: &apos;2016-03-15 16:57:40&apos;
System info: host: &apos;SIVA-PC&apos;, ip: &apos;192.168.0.103&apos;, os.name: &apos;Windows 7&apos;, os.arch: &apos;amd64&apos;, os.version: &apos;6.1&apos;, java.version: &apos;1.7.0_79&apos;
Session ID: 1657537e-749d-4d30-bea8-da7ece680115
Driver info: org.openqa.selenium.firefox.FirefoxDriver
Capabilities [{platform=WINDOWS, acceptSslCerts=true, javascriptEnabled=true, cssSelectorsEnabled=true, databaseEnabled=true, browserName=firefox, handlesAlerts=true, nativeEvents=false, webStorageEnabled=true, rotatable=false, locationContextEnabled=true, applicationCacheEnabled=true, takesScreenshot=true, version=46.0.1}]
	at org.openqa.selenium.remote.ErrorHandler.createThrowable(ErrorHandler.java:206)
	at org.openqa.selenium.remote.ErrorHandler.createUnhandledAlertException(ErrorHandler.java:187)
	at org.openqa.selenium.remote.ErrorHandler.throwIfResponseFailed(ErrorHandler.java:154)
	at org.openqa.selenium.remote.RemoteWebDriver.execute(RemoteWebDriver.java:678)
	at org.openqa.selenium.remote.RemoteWebDriver$RemoteWebDriverOptions$RemoteWindow.maximize(RemoteWebDriver.java:945)
	at com.ranford.RABP.appfunctions.AppFunctions.LaunchApplication(AppFunctions.java:55)
	at com.ranford.RABP.testsuites.BP_TS6_validateBrancheDetailsClear.preCondition(BP_TS6_validateBrancheDetailsClear.java:23)
... Removed 30 stack frames</pre></div><a href='#' onClick='toggleBox("stack-trace575892672", this, "Click to show all stack frames", "Click to hide stack frames")'>Click to show all stack frames</a>
<div class='stack-trace' id='stack-trace575892672'><pre>org.openqa.selenium.UnhandledAlertException: Unexpected modal dialog (text: Connction failed try again): Connction failed try again
Build info: version: &apos;2.53.0&apos;, revision: &apos;35ae25b&apos;, time: &apos;2016-03-15 16:57:40&apos;
System info: host: &apos;SIVA-PC&apos;, ip: &apos;192.168.0.103&apos;, os.name: &apos;Windows 7&apos;, os.arch: &apos;amd64&apos;, os.version: &apos;6.1&apos;, java.version: &apos;1.7.0_79&apos;
Session ID: 1657537e-749d-4d30-bea8-da7ece680115
Driver info: org.openqa.selenium.firefox.FirefoxDriver
Capabilities [{platform=WINDOWS, acceptSslCerts=true, javascriptEnabled=true, cssSelectorsEnabled=true, databaseEnabled=true, browserName=firefox, handlesAlerts=true, nativeEvents=false, webStorageEnabled=true, rotatable=false, locationContextEnabled=true, applicationCacheEnabled=true, takesScreenshot=true, version=46.0.1}]
	at sun.reflect.NativeConstructorAccessorImpl.newInstance0(Native Method)
	at sun.reflect.NativeConstructorAccessorImpl.newInstance(Unknown Source)
	at sun.reflect.DelegatingConstructorAccessorImpl.newInstance(Unknown Source)
	at java.lang.reflect.Constructor.newInstance(Unknown Source)
	at org.openqa.selenium.remote.ErrorHandler.createThrowable(ErrorHandler.java:206)
	at org.openqa.selenium.remote.ErrorHandler.createUnhandledAlertException(ErrorHandler.java:187)
	at org.openqa.selenium.remote.ErrorHandler.throwIfResponseFailed(ErrorHandler.java:154)
	at org.openqa.selenium.remote.RemoteWebDriver.execute(RemoteWebDriver.java:678)
	at org.openqa.selenium.remote.RemoteWebDriver$RemoteWebDriverOptions$RemoteWindow.maximize(RemoteWebDriver.java:945)
	at com.ranford.RABP.appfunctions.AppFunctions.LaunchApplication(AppFunctions.java:55)
	at com.ranford.RABP.testsuites.BP_TS6_validateBrancheDetailsClear.preCondition(BP_TS6_validateBrancheDetailsClear.java:23)
	at sun.reflect.NativeMethodAccessorImpl.invoke0(Native Method)
	at sun.reflect.NativeMethodAccessorImpl.invoke(Unknown Source)
	at sun.reflect.DelegatingMethodAccessorImpl.invoke(Unknown Source)
	at java.lang.reflect.Method.invoke(Unknown Source)
	at org.testng.internal.MethodInvocationHelper.invokeMethod(MethodInvocationHelper.java:85)
	at org.testng.internal.Invoker.invokeConfigurationMethod(Invoker.java:510)
	at org.testng.internal.Invoker.invokeConfigurations(Invoker.java:211)
	at org.testng.internal.Invoker.invokeMethod(Invoker.java:585)
	at org.testng.internal.Invoker.invokeTestMethod(Invoker.java:816)
	at org.testng.internal.Invoker.invokeTestMethods(Invoker.java:1124)
	at org.testng.internal.TestMethodWorker.invokeTestMethods(TestMethodWorker.java:125)
	at org.testng.internal.TestMethodWorker.run(TestMethodWorker.java:108)
	at org.testng.TestRunner.privateRun(TestRunner.java:774)
	at org.testng.TestRunner.run(TestRunner.java:624)
	at org.testng.SuiteRunner.runTest(SuiteRunner.java:359)
	at org.testng.SuiteRunner.runSequentially(SuiteRunner.java:354)
	at org.testng.SuiteRunner.privateRun(SuiteRunner.java:312)
	at org.testng.SuiteRunner.run(SuiteRunner.java:261)
	at org.testng.SuiteRunnerWorker.runSuite(SuiteRunnerWorker.java:52)
	at org.testng.SuiteRunnerWorker.run(SuiteRunnerWorker.java:86)
	at org.testng.TestNG.runSuitesSequentially(TestNG.java:1215)
	at org.testng.TestNG.runSuitesLocally(TestNG.java:1140)
	at org.testng.TestNG.run(TestNG.java:1048)
	at org.testng.remote.AbstractRemoteTestNG.run(AbstractRemoteTestNG.java:126)
	at org.testng.remote.RemoteTestNG.initAndRun(RemoteTestNG.java:137)
	at org.testng.remote.RemoteTestNG.main(RemoteTestNG.java:58)
</pre></div></td>
<td>0</td>
<td>com.ranford.RABP.testsuites.BP_TS6_validateBrancheDetailsClear@5497048e</td></tr>
</table><p>
<table width='100%' border='1' class='invocation-skipped'>
<tr><td colspan='4' align='center'><b>SKIPPED CONFIGURATIONS</b></td></tr>
<tr><td><b>Test method</b></td>
<td width="30%"><b>Exception</b></td>
<td width="10%"><b>Time (seconds)</b></td>
<td><b>Instance</b></td>
</tr>
<tr>
<td title='com.ranford.RABP.testsuites.BP_TS2_ValidateNewBranches.postCondition()'><b>postCondition</b><br>Test class: com.ranford.RABP.testsuites.BP_TS2_ValidateNewBranches</td>
<td></td>
<td>0</td>
<td>com.ranford.RABP.testsuites.BP_TS2_ValidateNewBranches@681564f4</td></tr>
<tr>
<td title='com.ranford.RABP.testsuites.BP_TS6_validateBrancheDetailsClear.postCondition()'><b>postCondition</b><br>Test class: com.ranford.RABP.testsuites.BP_TS6_validateBrancheDetailsClear</td>
<td></td>
<td>0</td>
<td>com.ranford.RABP.testsuites.BP_TS6_validateBrancheDetailsClear@5497048e</td></tr>
</table><p>
<table width='100%' border='1' class='invocation-passed'>
<tr><td colspan='4' align='center'><b>PASSED TESTS</b></td></tr>
<tr><td><b>Test method</b></td>
<td width="30%"><b>Exception</b></td>
<td width="10%"><b>Time (seconds)</b></td>
<td><b>Instance</b></td>
</tr>
<tr>
<td title='com.ranford.RABP.testsuites.BP_TS1_ValidateBranches.testCase()'><b>testCase</b><br>Test class: com.ranford.RABP.testsuites.BP_TS1_ValidateBranches<br/>
<a href="#Output-247312088" onClick='toggleBox("Output-247312088", this, "Show output", "Hide output");'>Show output</a>

<a href="#Output-247312088" onClick="toggleAllBoxes();">Show all outputs</a>
<div class='log' id="Output-247312088">
Admin Login successful<br/>
verifed welcome to admin<br/>
branches home page opend successfully<br/>
verifed New Branch<br/>
</div>
</td>
<td></td>
<td>19</td>
<td>com.ranford.RABP.testsuites.BP_TS1_ValidateBranches@1307e9af</td></tr>
<tr>
<td title='com.ranford.RABP.testsuites.BP_TS3_ValidateBranchesHome.testcase()'><b>testcase</b><br>Test class: com.ranford.RABP.testsuites.BP_TS3_ValidateBranchesHome<br/>
<a href="#Output-1011325276" onClick='toggleBox("Output-1011325276", this, "Show output", "Hide output");'>Show output</a>

<a href="#Output-1011325276" onClick="toggleAllBoxes();">Show all outputs</a>
<div class='log' id="Output-1011325276">
Admin home page opened successfully<br/>
Welcome to Admin is verified<br/>
</div>
</td>
<td></td>
<td>0</td>
<td>com.ranford.RABP.testsuites.BP_TS3_ValidateBranchesHome@6ac3205</td></tr>
<tr>
<td title='com.ranford.RABP.testsuites.BP_TS4_ValidateBranchesLogOut.testcase()'><b>testcase</b><br>Test class: com.ranford.RABP.testsuites.BP_TS4_ValidateBranchesLogOut<br/>
<a href="#Output-1428862667" onClick='toggleBox("Output-1428862667", this, "Show output", "Hide output");'>Show output</a>

<a href="#Output-1428862667" onClick="toggleAllBoxes();">Show all outputs</a>
<div class='log' id="Output-1428862667">
log out successful<br/>
Banker Login text is verified<br/>
</div>
</td>
<td></td>
<td>0</td>
<td>com.ranford.RABP.testsuites.BP_TS4_ValidateBranchesLogOut@12b35c53</td></tr>
<tr>
<td title='com.ranford.RABP.testsuites.BP_TS7_validateBranchesEntrySubmit.testdata()'><b>testdata</b><br>Test class: com.ranford.RABP.testsuites.BP_TS7_validateBranchesEntrySubmit<br/>
<a href="#Output-294291737" onClick='toggleBox("Output-294291737", this, "Show output", "Hide output");'>Show output</a>

<a href="#Output-294291737" onClick="toggleAllBoxes();">Show all outputs</a>
<div class='log' id="Output-294291737">
New Branch Page opened successfully<br/>
New Branch Entry is verified<br/>
branch Details entered sucessfully<br/>
Alert text is present<br/>
Branch name already Exist<br/>
New Branch Page opened successfully<br/>
New Branch Entry is verified<br/>
branch Details entered sucessfully<br/>
Alert text is present<br/>
Branch name already Exist<br/>
New Branch Page opened successfully<br/>
New Branch Entry is verified<br/>
branch Details entered sucessfully<br/>
Alert text is present<br/>
Branch name already Exist<br/>
New Branch Page opened successfully<br/>
New Branch Entry is verified<br/>
branch Details entered sucessfully<br/>
Alert text is present<br/>
Branch name already Exist<br/>
New Branch Page opened successfully<br/>
New Branch Entry is verified<br/>
branch Details entered sucessfully<br/>
Alert text is present<br/>
Branch name already Exist<br/>
New Branch Page opened successfully<br/>
New Branch Entry is verified<br/>
branch Details entered sucessfully<br/>
Alert text is present<br/>
Branch name already Exist<br/>
New Branch Page opened successfully<br/>
New Branch Entry is verified<br/>
branch Details entered sucessfully<br/>
Alert text is present<br/>
Branch name already Exist<br/>
New Branch Page opened successfully<br/>
New Branch Entry is verified<br/>
branch Details entered sucessfully<br/>
Alert text is present<br/>
Branch name already Exist<br/>
New Branch Page opened successfully<br/>
New Branch Entry is verified<br/>
branch Details entered sucessfully<br/>
Alert text is present<br/>
Branch name already Exist<br/>
</div>
</td>
<td></td>
<td>105</td>
<td>com.ranford.RABP.testsuites.BP_TS7_validateBranchesEntrySubmit@6c7ee9eb</td></tr>
<tr>
<td title='com.ranford.RABP.testsuites.BP_TS11_validateNewBranchesLogOut.testdata()'><b>testdata</b><br>Test class: com.ranford.RABP.testsuites.BP_TS11_validateNewBranchesLogOut</td>
<td></td>
<td>45</td>
<td>com.ranford.RABP.testsuites.BP_TS11_validateNewBranchesLogOut@2f7af3</td></tr>
<tr>
<td title='com.ranford.RABP.testsuites.BP_TS8_validateBranchesEntryReset.testdata()'><b>testdata</b><br>Test class: com.ranford.RABP.testsuites.BP_TS8_validateBranchesEntryReset<br/>
<a href="#Output-8384431" onClick='toggleBox("Output-8384431", this, "Show output", "Hide output");'>Show output</a>

<a href="#Output-8384431" onClick="toggleAllBoxes();">Show all outputs</a>
<div class='log' id="Output-8384431">
New Branch Page opened successfully<br/>
New Branch Entry is verified<br/>
branch Details entered sucessfully<br/>
Branch Name textbox is empty<br/>
branch Details entered sucessfully<br/>
Branch Name textbox is empty<br/>
branch Details entered sucessfully<br/>
Branch Name textbox is empty<br/>
branch Details entered sucessfully<br/>
Branch Name textbox is empty<br/>
branch Details entered sucessfully<br/>
Branch Name textbox is empty<br/>
branch Details entered sucessfully<br/>
Branch Name textbox is empty<br/>
branch Details entered sucessfully<br/>
Branch Name textbox is empty<br/>
branch Details entered sucessfully<br/>
Branch Name textbox is empty<br/>
branch Details entered sucessfully<br/>
Branch Name textbox is empty<br/>
</div>
</td>
<td></td>
<td>47</td>
<td>com.ranford.RABP.testsuites.BP_TS8_validateBranchesEntryReset@2d30e79d</td></tr>
<tr>
<td title='com.ranford.RABP.testsuites.BP_TS9_validateBranchesEntryCancle.testdata()'><b>testdata</b><br>Test class: com.ranford.RABP.testsuites.BP_TS9_validateBranchesEntryCancle<br/>
<a href="#Output-2075584918" onClick='toggleBox("Output-2075584918", this, "Show output", "Hide output");'>Show output</a>

<a href="#Output-2075584918" onClick="toggleAllBoxes();">Show all outputs</a>
<div class='log' id="Output-2075584918">
New Branch Page opened successfully<br/>
New Branch Entry is not verified<br/>
branch Details entered not sucessfully<br/>
New Branch Page opened successfully<br/>
New Branch Entry is verified<br/>
branch Details entered sucessfully<br/>
New Branch Page opened successfully<br/>
New Branch Entry is verified<br/>
branch Details entered sucessfully<br/>
New Branch Page opened successfully<br/>
New Branch Entry is verified<br/>
branch Details entered sucessfully<br/>
New Branch Page opened successfully<br/>
New Branch Entry is verified<br/>
branch Details entered sucessfully<br/>
New Branch Page opened successfully<br/>
New Branch Entry is verified<br/>
branch Details entered sucessfully<br/>
New Branch Page opened successfully<br/>
New Branch Entry is verified<br/>
branch Details entered sucessfully<br/>
New Branch Page opened successfully<br/>
New Branch Entry is verified<br/>
branch Details entered sucessfully<br/>
New Branch Page opened successfully<br/>
New Branch Entry is verified<br/>
branch Details entered sucessfully<br/>
</div>
</td>
<td></td>
<td>101</td>
<td>com.ranford.RABP.testsuites.BP_TS9_validateBranchesEntryCancle@65b60b98</td></tr>
<tr>
<td title='com.ranford.RABP.testsuites.BP_TS10_validateNewBranchesHome.testdata()'><b>testdata</b><br>Test class: com.ranford.RABP.testsuites.BP_TS10_validateNewBranchesHome<br/>
<a href="#Output-2121361411" onClick='toggleBox("Output-2121361411", this, "Show output", "Hide output");'>Show output</a>

<a href="#Output-2121361411" onClick="toggleAllBoxes();">Show all outputs</a>
<div class='log' id="Output-2121361411">
New Branch Page opened successfully<br/>
New Branch Entry is verified<br/>
Admin home page opened successfully<br/>
Welcome to Admin is verified<br/>
</div>
</td>
<td></td>
<td>4</td>
<td>com.ranford.RABP.testsuites.BP_TS10_validateNewBranchesHome@3d7256bc</td></tr>
<tr>
<td title='com.ranford.RABP.testsuites.BP_TS5_ValidateBrancheDetails.testdata()'><b>testdata</b><br>Test class: com.ranford.RABP.testsuites.BP_TS5_ValidateBrancheDetails</td>
<td></td>
<td>5</td>
<td>com.ranford.RABP.testsuites.BP_TS5_ValidateBrancheDetails@1d9c7028</td></tr>
</table><p>
<table width='100%' border='1' class='invocation-skipped'>
<tr><td colspan='4' align='center'><b>SKIPPED TESTS</b></td></tr>
<tr><td><b>Test method</b></td>
<td width="30%"><b>Exception</b></td>
<td width="10%"><b>Time (seconds)</b></td>
<td><b>Instance</b></td>
</tr>
<tr>
<td title='com.ranford.RABP.testsuites.BP_TS2_ValidateNewBranches.testCase()'><b>testCase</b><br>Test class: com.ranford.RABP.testsuites.BP_TS2_ValidateNewBranches</td>
<td></td>
<td>0</td>
<td>com.ranford.RABP.testsuites.BP_TS2_ValidateNewBranches@681564f4</td></tr>
<tr>
<td title='com.ranford.RABP.testsuites.BP_TS6_validateBrancheDetailsClear.testdata()'><b>testdata</b><br>Test class: com.ranford.RABP.testsuites.BP_TS6_validateBrancheDetailsClear</td>
<td></td>
<td>0</td>
<td>com.ranford.RABP.testsuites.BP_TS6_validateBrancheDetailsClear@5497048e</td></tr>
</table><p>
</body>
</html>