<?xml version="1.0" encoding="UTF-8"?>
<!-- Generated by org.testng.reporters.JUnitXMLReporter -->
<testsuite hostname="SIVA-PC" name="Test" tests="11" failures="0" timestamp="26 May 2016 03:45:41 GMT" time="696.876" errors="0">
  <testcase name="@BeforeMethod preCondition" time="0.0" classname="com.ranford.RABP.testsuites.BP_TS2_ValidateNewBranches">
    <failure type="org.openqa.selenium.UnhandledAlertException" message="Unexpected modal dialog (text: Connction failed try again): Connction failed try again
Build info: version: &amp;apos;2.53.0&amp;apos;, revision: &amp;apos;35ae25b&amp;apos;, time: &amp;apos;2016-03-15 16:57:40&amp;apos;
System info: host: &amp;apos;SIVA-PC&amp;apos;, ip: &amp;apos;192.168.0.103&amp;apos;, os.name: &amp;apos;Windows 7&amp;apos;, os.arch: &amp;apos;amd64&amp;apos;, os.version: &amp;apos;6.1&amp;apos;, java.version: &amp;apos;1.7.0_79&amp;apos;
Session ID: 0e848e43-f8a8-4873-ae3e-ecca66356e17
Driver info: org.openqa.selenium.firefox.FirefoxDriver
Capabilities [{platform=WINDOWS, acceptSslCerts=true, javascriptEnabled=true, cssSelectorsEnabled=true, databaseEnabled=true, browserName=firefox, handlesAlerts=true, nativeEvents=false, webStorageEnabled=true, rotatable=false, locationContextEnabled=true, applicationCacheEnabled=true, takesScreenshot=true, version=46.0.1}]">
      <![CDATA[org.openqa.selenium.UnhandledAlertException: Unexpected modal dialog (text: Connction failed try again): Connction failed try again
Build info: version: '2.53.0', revision: '35ae25b', time: '2016-03-15 16:57:40'
System info: host: 'SIVA-PC', ip: '192.168.0.103', os.name: 'Windows 7', os.arch: 'amd64', os.version: '6.1', java.version: '1.7.0_79'
Session ID: 0e848e43-f8a8-4873-ae3e-ecca66356e17
Driver info: org.openqa.selenium.firefox.FirefoxDriver
Capabilities [{platform=WINDOWS, acceptSslCerts=true, javascriptEnabled=true, cssSelectorsEnabled=true, databaseEnabled=true, browserName=firefox, handlesAlerts=true, nativeEvents=false, webStorageEnabled=true, rotatable=false, locationContextEnabled=true, applicationCacheEnabled=true, takesScreenshot=true, version=46.0.1}]
	at org.openqa.selenium.remote.ErrorHandler.createThrowable(ErrorHandler.java:206)
	at org.openqa.selenium.remote.ErrorHandler.createUnhandledAlertException(ErrorHandler.java:187)
	at org.openqa.selenium.remote.ErrorHandler.throwIfResponseFailed(ErrorHandler.java:154)
	at org.openqa.selenium.remote.RemoteWebDriver.execute(RemoteWebDriver.java:678)
	at org.openqa.selenium.remote.RemoteWebDriver$RemoteWebDriverOptions$RemoteWindow.maximize(RemoteWebDriver.java:945)
	at com.ranford.RABP.appfunctions.AppFunctions.LaunchApplication(AppFunctions.java:55)
	at com.ranford.RABP.testsuites.BP_TS2_ValidateNewBranches.preCondition(BP_TS2_ValidateNewBranches.java:22)
... Removed 30 stack frames]]>
    </failure>
  </testcase> <!-- @BeforeMethod preCondition -->
  <testcase name="@AfterMethod postCondition" time="0.0" classname="com.ranford.RABP.testsuites.BP_TS2_ValidateNewBranches">
    <skipped/>
  </testcase> <!-- @AfterMethod postCondition -->
  <testcase name="@BeforeMethod preCondition" time="0.0" classname="com.ranford.RABP.testsuites.BP_TS6_validateBrancheDetailsClear">
    <failure type="org.openqa.selenium.UnhandledAlertException" message="Unexpected modal dialog (text: Connction failed try again): Connction failed try again
Build info: version: &amp;apos;2.53.0&amp;apos;, revision: &amp;apos;35ae25b&amp;apos;, time: &amp;apos;2016-03-15 16:57:40&amp;apos;
System info: host: &amp;apos;SIVA-PC&amp;apos;, ip: &amp;apos;192.168.0.103&amp;apos;, os.name: &amp;apos;Windows 7&amp;apos;, os.arch: &amp;apos;amd64&amp;apos;, os.version: &amp;apos;6.1&amp;apos;, java.version: &amp;apos;1.7.0_79&amp;apos;
Session ID: 1657537e-749d-4d30-bea8-da7ece680115
Driver info: org.openqa.selenium.firefox.FirefoxDriver
Capabilities [{platform=WINDOWS, acceptSslCerts=true, javascriptEnabled=true, cssSelectorsEnabled=true, databaseEnabled=true, browserName=firefox, handlesAlerts=true, nativeEvents=false, webStorageEnabled=true, rotatable=false, locationContextEnabled=true, applicationCacheEnabled=true, takesScreenshot=true, version=46.0.1}]">
      <![CDATA[org.openqa.selenium.UnhandledAlertException: Unexpected modal dialog (text: Connction failed try again): Connction failed try again
Build info: version: '2.53.0', revision: '35ae25b', time: '2016-03-15 16:57:40'
System info: host: 'SIVA-PC', ip: '192.168.0.103', os.name: 'Windows 7', os.arch: 'amd64', os.version: '6.1', java.version: '1.7.0_79'
Session ID: 1657537e-749d-4d30-bea8-da7ece680115
Driver info: org.openqa.selenium.firefox.FirefoxDriver
Capabilities [{platform=WINDOWS, acceptSslCerts=true, javascriptEnabled=true, cssSelectorsEnabled=true, databaseEnabled=true, browserName=firefox, handlesAlerts=true, nativeEvents=false, webStorageEnabled=true, rotatable=false, locationContextEnabled=true, applicationCacheEnabled=true, takesScreenshot=true, version=46.0.1}]
	at org.openqa.selenium.remote.ErrorHandler.createThrowable(ErrorHandler.java:206)
	at org.openqa.selenium.remote.ErrorHandler.createUnhandledAlertException(ErrorHandler.java:187)
	at org.openqa.selenium.remote.ErrorHandler.throwIfResponseFailed(ErrorHandler.java:154)
	at org.openqa.selenium.remote.RemoteWebDriver.execute(RemoteWebDriver.java:678)
	at org.openqa.selenium.remote.RemoteWebDriver$RemoteWebDriverOptions$RemoteWindow.maximize(RemoteWebDriver.java:945)
	at com.ranford.RABP.appfunctions.AppFunctions.LaunchApplication(AppFunctions.java:55)
	at com.ranford.RABP.testsuites.BP_TS6_validateBrancheDetailsClear.preCondition(BP_TS6_validateBrancheDetailsClear.java:23)
... Removed 30 stack frames]]>
    </failure>
  </testcase> <!-- @BeforeMethod preCondition -->
  <testcase name="@AfterMethod postCondition" time="0.0" classname="com.ranford.RABP.testsuites.BP_TS6_validateBrancheDetailsClear">
    <skipped/>
  </testcase> <!-- @AfterMethod postCondition -->
  <testcase name="testCase" time="0.003" classname="com.ranford.RABP.testsuites.BP_TS2_ValidateNewBranches">
    <skipped/>
  </testcase> <!-- testCase -->
  <testcase name="testdata" time="0.003" classname="com.ranford.RABP.testsuites.BP_TS6_validateBrancheDetailsClear">
    <skipped/>
  </testcase> <!-- testdata -->
  <testcase name="testcase" time="0.677" classname="com.ranford.RABP.testsuites.BP_TS3_ValidateBranchesHome"/>
  <testcase name="testCase" time="19.391" classname="com.ranford.RABP.testsuites.BP_TS1_ValidateBranches"/>
  <testcase name="testdata" time="105.847" classname="com.ranford.RABP.testsuites.BP_TS7_validateBranchesEntrySubmit"/>
  <testcase name="testdata" time="45.557" classname="com.ranford.RABP.testsuites.BP_TS11_validateNewBranchesLogOut"/>
  <testcase name="testdata" time="47.666" classname="com.ranford.RABP.testsuites.BP_TS8_validateBranchesEntryReset"/>
  <testcase name="testdata" time="101.48" classname="com.ranford.RABP.testsuites.BP_TS9_validateBranchesEntryCancle"/>
  <testcase name="testcase" time="0.88" classname="com.ranford.RABP.testsuites.BP_TS4_ValidateBranchesLogOut"/>
  <testcase name="testdata" time="4.274" classname="com.ranford.RABP.testsuites.BP_TS10_validateNewBranchesHome"/>
  <testcase name="testdata" time="5.603" classname="com.ranford.RABP.testsuites.BP_TS5_ValidateBrancheDetails"/>
</testsuite> <!-- Test -->
